Image_Build_IDs:
adsp: ADSP.VT.5.0.c4-00002-SDM710-2
aop: AOP.HO.1.1.C1-00017-SDM710AAAAANAZO-1
boot: BOOT.XF.2.1-00089-SDM710LZB-1
btfm: BTFM.CHE.2.1.3-00289-QCACHROMZ-1
cdsp: CDSP.VT.2.0.c3-00003-SDM710-1
common: SDM710.LA.1.0.c1-10022-STD.PROD-1
cpev2: CPE.TSF.3.0-00002-W9335AAAAAAAZQ-4
glue: GLUE.SDM710_LA.1.0-00011-NOOP_TEST-1
modem: MPSS.AT.4.0.2.c2-00016-SDM710_GEN_PACK-1
tz: TZ.XF.5.0.2-00032-S710AAAAANAZT-2
video: VIDEO.VE.5.0-00070-PROD-2
wapi: WLAN_ADDON.HL.1.0-00025-CNSS_RMZ_WAPI-1
wdsp: WDSP.9340.1.0-00266-W9340AAAAAAAZQ-1
wlan: WLAN.HL.2.0.1.c3-00062-QCAHLSWMTPLZ-1    
Metabuild_Info:
Meta_Build_ID: SDM710.LA.1.0.c1-10022-STD.PROD-1
Product_Flavor: asic
Time_Stamp: 2018-07-24 18:04:56    
Version: 1.0